<?xml version="1.0" encoding="UTF-8"?>
<root>
    <id>1</id>
    <from>BRL</from>
    <to>USD</to>
    <conversionMultiple>5</conversionMultiple>
    <value>10</value>
</root>